<?xml version="1.0" encoding="utf-8"?>
<coverage line-rate="0.9754999999999999" branch-rate="1" version="1.9" timestamp="1760895976" lines-covered="558" lines-valid="572" branches-covered="16" branches-valid="16">
  <sources>
    <source>c:\_Code\Github\octocat-supply\api\</source>
  </sources>
  <packages>
    <package name="api-dotnet" line-rate="0.9754999999999999" branch-rate="1" complexity="107">
      <classes>
        <class name="OctoCat.Api.Program" filename="Program.cs" line-rate="1" branch-rate="1" complexity="3">
          <methods>
            <method name="Main" signature="(System.String[])" line-rate="1" branch-rate="1" complexity="2">
              <lines>
                <line number="17" hits="10" branch="False" />
                <line number="18" hits="10" branch="False" />
                <line number="21" hits="10" branch="False" />
                <line number="22" hits="10" branch="False" />
                <line number="23" hits="10" branch="False" />
                <line number="24" hits="10" branch="False" />
                <line number="25" hits="10" branch="False" />
                <line number="26" hits="10" branch="False" />
                <line number="27" hits="10" branch="False" />
                <line number="28" hits="10" branch="False" />
                <line number="29" hits="20" branch="False" />
                <line number="32" hits="10" branch="False" />
                <line number="33" hits="10" branch="False" />
                <line number="34" hits="10" branch="False" />
                <line number="35" hits="10" branch="False" />
                <line number="36" hits="10" branch="False" />
                <line number="37" hits="10" branch="False" />
                <line number="38" hits="10" branch="False" />
                <line number="39" hits="10" branch="False" />
                <line number="40" hits="10" branch="False" />
                <line number="41" hits="10" branch="False" />
                <line number="42" hits="20" branch="False" />
                <line number="43" hits="20" branch="False" />
                <line number="46" hits="10" branch="False" />
                <line number="48" hits="10" branch="False" />
                <line number="51" hits="10" branch="True" condition-coverage="100% (2/2)">
                  <conditions>
                    <condition number="138" type="jump" coverage="100%" />
                  </conditions>
                </line>
                <line number="52" hits="10" branch="False" />
                <line number="53" hits="10" branch="False" />
                <line number="54" hits="20" branch="False" />
                <line number="55" hits="10" branch="False" />
                <line number="57" hits="10" branch="False" />
                <line number="60" hits="10" branch="False" />
                <line number="61" hits="10" branch="False" />
                <line number="64" hits="10" branch="False" />
                <line number="66" hits="10" branch="False" />
                <line number="67" hits="10" branch="False" />
              </lines>
            </method>
            <method name="RegisterEndpoints" signature="(Microsoft.AspNetCore.Builder.WebApplication)" line-rate="1" branch-rate="1" complexity="1">
              <lines>
                <line number="71" hits="10" branch="False" />
                <line number="72" hits="10" branch="False" />
                <line number="75" hits="10" branch="False" />
                <line number="76" hits="10" branch="False" />
                <line number="77" hits="10" branch="False" />
                <line number="78" hits="10" branch="False" />
                <line number="79" hits="10" branch="False" />
                <line number="80" hits="10" branch="False" />
                <line number="83" hits="10" branch="False" />
                <line number="84" hits="10" branch="False" />
                <line number="85" hits="10" branch="False" />
                <line number="86" hits="10" branch="False" />
                <line number="87" hits="10" branch="False" />
                <line number="88" hits="10" branch="False" />
                <line number="91" hits="10" branch="False" />
                <line number="92" hits="10" branch="False" />
                <line number="93" hits="10" branch="False" />
                <line number="94" hits="10" branch="False" />
                <line number="95" hits="10" branch="False" />
                <line number="96" hits="10" branch="False" />
                <line number="99" hits="10" branch="False" />
                <line number="100" hits="10" branch="False" />
                <line number="101" hits="10" branch="False" />
                <line number="102" hits="10" branch="False" />
                <line number="103" hits="10" branch="False" />
                <line number="104" hits="10" branch="False" />
                <line number="107" hits="10" branch="False" />
                <line number="108" hits="10" branch="False" />
                <line number="109" hits="10" branch="False" />
                <line number="110" hits="10" branch="False" />
                <line number="111" hits="10" branch="False" />
                <line number="112" hits="10" branch="False" />
                <line number="115" hits="10" branch="False" />
                <line number="116" hits="10" branch="False" />
                <line number="117" hits="10" branch="False" />
                <line number="118" hits="10" branch="False" />
                <line number="119" hits="10" branch="False" />
                <line number="120" hits="10" branch="False" />
                <line number="123" hits="10" branch="False" />
                <line number="124" hits="10" branch="False" />
                <line number="125" hits="10" branch="False" />
                <line number="126" hits="10" branch="False" />
                <line number="127" hits="10" branch="False" />
                <line number="128" hits="10" branch="False" />
                <line number="131" hits="10" branch="False" />
                <line number="132" hits="10" branch="False" />
                <line number="133" hits="10" branch="False" />
                <line number="134" hits="10" branch="False" />
                <line number="135" hits="10" branch="False" />
                <line number="136" hits="10" branch="False" />
                <line number="137" hits="10" branch="False" />
              </lines>
            </method>
          </methods>
          <lines>
            <line number="17" hits="10" branch="False" />
            <line number="18" hits="10" branch="False" />
            <line number="21" hits="10" branch="False" />
            <line number="22" hits="10" branch="False" />
            <line number="23" hits="10" branch="False" />
            <line number="24" hits="10" branch="False" />
            <line number="25" hits="10" branch="False" />
            <line number="26" hits="10" branch="False" />
            <line number="27" hits="10" branch="False" />
            <line number="28" hits="10" branch="False" />
            <line number="29" hits="20" branch="False" />
            <line number="32" hits="10" branch="False" />
            <line number="33" hits="10" branch="False" />
            <line number="34" hits="10" branch="False" />
            <line number="35" hits="10" branch="False" />
            <line number="36" hits="10" branch="False" />
            <line number="37" hits="10" branch="False" />
            <line number="38" hits="10" branch="False" />
            <line number="39" hits="10" branch="False" />
            <line number="40" hits="10" branch="False" />
            <line number="41" hits="10" branch="False" />
            <line number="42" hits="20" branch="False" />
            <line number="43" hits="20" branch="False" />
            <line number="46" hits="10" branch="False" />
            <line number="48" hits="10" branch="False" />
            <line number="51" hits="10" branch="True" condition-coverage="100% (2/2)">
              <conditions>
                <condition number="138" type="jump" coverage="100%" />
              </conditions>
            </line>
            <line number="52" hits="10" branch="False" />
            <line number="53" hits="10" branch="False" />
            <line number="54" hits="20" branch="False" />
            <line number="55" hits="10" branch="False" />
            <line number="57" hits="10" branch="False" />
            <line number="60" hits="10" branch="False" />
            <line number="61" hits="10" branch="False" />
            <line number="64" hits="10" branch="False" />
            <line number="66" hits="10" branch="False" />
            <line number="67" hits="10" branch="False" />
            <line number="71" hits="10" branch="False" />
            <line number="72" hits="10" branch="False" />
            <line number="75" hits="10" branch="False" />
            <line number="76" hits="10" branch="False" />
            <line number="77" hits="10" branch="False" />
            <line number="78" hits="10" branch="False" />
            <line number="79" hits="10" branch="False" />
            <line number="80" hits="10" branch="False" />
            <line number="83" hits="10" branch="False" />
            <line number="84" hits="10" branch="False" />
            <line number="85" hits="10" branch="False" />
            <line number="86" hits="10" branch="False" />
            <line number="87" hits="10" branch="False" />
            <line number="88" hits="10" branch="False" />
            <line number="91" hits="10" branch="False" />
            <line number="92" hits="10" branch="False" />
            <line number="93" hits="10" branch="False" />
            <line number="94" hits="10" branch="False" />
            <line number="95" hits="10" branch="False" />
            <line number="96" hits="10" branch="False" />
            <line number="99" hits="10" branch="False" />
            <line number="100" hits="10" branch="False" />
            <line number="101" hits="10" branch="False" />
            <line number="102" hits="10" branch="False" />
            <line number="103" hits="10" branch="False" />
            <line number="104" hits="10" branch="False" />
            <line number="107" hits="10" branch="False" />
            <line number="108" hits="10" branch="False" />
            <line number="109" hits="10" branch="False" />
            <line number="110" hits="10" branch="False" />
            <line number="111" hits="10" branch="False" />
            <line number="112" hits="10" branch="False" />
            <line number="115" hits="10" branch="False" />
            <line number="116" hits="10" branch="False" />
            <line number="117" hits="10" branch="False" />
            <line number="118" hits="10" branch="False" />
            <line number="119" hits="10" branch="False" />
            <line number="120" hits="10" branch="False" />
            <line number="123" hits="10" branch="False" />
            <line number="124" hits="10" branch="False" />
            <line number="125" hits="10" branch="False" />
            <line number="126" hits="10" branch="False" />
            <line number="127" hits="10" branch="False" />
            <line number="128" hits="10" branch="False" />
            <line number="131" hits="10" branch="False" />
            <line number="132" hits="10" branch="False" />
            <line number="133" hits="10" branch="False" />
            <line number="134" hits="10" branch="False" />
            <line number="135" hits="10" branch="False" />
            <line number="136" hits="10" branch="False" />
            <line number="137" hits="10" branch="False" />
          </lines>
        </class>
        <class name="OctoCat.Api.Models.Branch" filename="Models\Branch.cs" line-rate="1" branch-rate="1" complexity="10">
          <methods>
            <method name="get_BranchId" signature="()" line-rate="1" branch-rate="1" complexity="1">
              <lines>
                <line number="5" hits="158" branch="False" />
              </lines>
            </method>
            <method name="get_HeadquartersId" signature="()" line-rate="1" branch-rate="1" complexity="1">
              <lines>
                <line number="6" hits="83" branch="False" />
              </lines>
            </method>
            <method name="get_Name" signature="()" line-rate="1" branch-rate="1" complexity="1">
              <lines>
                <line number="7" hits="172" branch="False" />
              </lines>
            </method>
            <method name="get_Description" signature="()" line-rate="1" branch-rate="1" complexity="1">
              <lines>
                <line number="8" hits="161" branch="False" />
              </lines>
            </method>
            <method name="get_Address" signature="()" line-rate="1" branch-rate="1" complexity="1">
              <lines>
                <line number="9" hits="158" branch="False" />
              </lines>
            </method>
            <method name="get_ContactPerson" signature="()" line-rate="1" branch-rate="1" complexity="1">
              <lines>
                <line number="10" hits="155" branch="False" />
              </lines>
            </method>
            <method name="get_Email" signature="()" line-rate="1" branch-rate="1" complexity="1">
              <lines>
                <line number="11" hits="155" branch="False" />
              </lines>
            </method>
            <method name="get_Phone" signature="()" line-rate="1" branch-rate="1" complexity="1">
              <lines>
                <line number="12" hits="155" branch="False" />
              </lines>
            </method>
            <method name="get_Id" signature="()" line-rate="1" branch-rate="1" complexity="1">
              <lines>
                <line number="17" hits="41" branch="False" />
              </lines>
            </method>
            <method name="set_Id" signature="(System.Int32)" line-rate="1" branch-rate="1" complexity="1">
              <lines>
                <line number="18" hits="10" branch="False" />
              </lines>
            </method>
          </methods>
          <lines>
            <line number="5" hits="158" branch="False" />
            <line number="6" hits="83" branch="False" />
            <line number="7" hits="172" branch="False" />
            <line number="8" hits="161" branch="False" />
            <line number="9" hits="158" branch="False" />
            <line number="10" hits="155" branch="False" />
            <line number="11" hits="155" branch="False" />
            <line number="12" hits="155" branch="False" />
            <line number="17" hits="41" branch="False" />
            <line number="18" hits="10" branch="False" />
          </lines>
        </class>
        <class name="OctoCat.Api.Models.Delivery" filename="Models\Delivery.cs" line-rate="0.75" branch-rate="1" complexity="8">
          <methods>
            <method name="get_DeliveryId" signature="()" line-rate="1" branch-rate="1" complexity="1">
              <lines>
                <line number="7" hits="20" branch="False" />
              </lines>
            </method>
            <method name="get_SupplierId" signature="()" line-rate="1" branch-rate="1" complexity="1">
              <lines>
                <line number="8" hits="20" branch="False" />
              </lines>
            </method>
            <method name="get_DeliveryDate" signature="()" line-rate="1" branch-rate="1" complexity="1">
              <lines>
                <line number="9" hits="20" branch="False" />
              </lines>
            </method>
            <method name="get_Name" signature="()" line-rate="1" branch-rate="1" complexity="1">
              <lines>
                <line number="10" hits="40" branch="False" />
              </lines>
            </method>
            <method name="get_Description" signature="()" line-rate="1" branch-rate="1" complexity="1">
              <lines>
                <line number="11" hits="40" branch="False" />
              </lines>
            </method>
            <method name="get_Status" signature="()" line-rate="1" branch-rate="1" complexity="1">
              <lines>
                <line number="12" hits="40" branch="False" />
              </lines>
            </method>
            <method name="get_Id" signature="()" line-rate="0" branch-rate="1" complexity="1">
              <lines>
                <line number="17" hits="0" branch="False" />
              </lines>
            </method>
            <method name="set_Id" signature="(System.Int32)" line-rate="0" branch-rate="1" complexity="1">
              <lines>
                <line number="18" hits="0" branch="False" />
              </lines>
            </method>
          </methods>
          <lines>
            <line number="7" hits="20" branch="False" />
            <line number="8" hits="20" branch="False" />
            <line number="9" hits="20" branch="False" />
            <line number="10" hits="40" branch="False" />
            <line number="11" hits="40" branch="False" />
            <line number="12" hits="40" branch="False" />
            <line number="17" hits="0" branch="False" />
            <line number="18" hits="0" branch="False" />
          </lines>
        </class>
        <class name="OctoCat.Api.Models.Headquarters" filename="Models\Headquarters.cs" line-rate="0.7777" branch-rate="1" complexity="9">
          <methods>
            <method name="get_HeadquartersId" signature="()" line-rate="1" branch-rate="1" complexity="1">
              <lines>
                <line number="5" hits="10" branch="False" />
              </lines>
            </method>
            <method name="get_Name" signature="()" line-rate="1" branch-rate="1" complexity="1">
              <lines>
                <line number="6" hits="20" branch="False" />
              </lines>
            </method>
            <method name="get_Description" signature="()" line-rate="1" branch-rate="1" complexity="1">
              <lines>
                <line number="7" hits="20" branch="False" />
              </lines>
            </method>
            <method name="get_Address" signature="()" line-rate="1" branch-rate="1" complexity="1">
              <lines>
                <line number="8" hits="20" branch="False" />
              </lines>
            </method>
            <method name="get_ContactPerson" signature="()" line-rate="1" branch-rate="1" complexity="1">
              <lines>
                <line number="9" hits="20" branch="False" />
              </lines>
            </method>
            <method name="get_Email" signature="()" line-rate="1" branch-rate="1" complexity="1">
              <lines>
                <line number="10" hits="20" branch="False" />
              </lines>
            </method>
            <method name="get_Phone" signature="()" line-rate="1" branch-rate="1" complexity="1">
              <lines>
                <line number="11" hits="20" branch="False" />
              </lines>
            </method>
            <method name="get_Id" signature="()" line-rate="0" branch-rate="1" complexity="1">
              <lines>
                <line number="16" hits="0" branch="False" />
              </lines>
            </method>
            <method name="set_Id" signature="(System.Int32)" line-rate="0" branch-rate="1" complexity="1">
              <lines>
                <line number="17" hits="0" branch="False" />
              </lines>
            </method>
          </methods>
          <lines>
            <line number="5" hits="10" branch="False" />
            <line number="6" hits="20" branch="False" />
            <line number="7" hits="20" branch="False" />
            <line number="8" hits="20" branch="False" />
            <line number="9" hits="20" branch="False" />
            <line number="10" hits="20" branch="False" />
            <line number="11" hits="20" branch="False" />
            <line number="16" hits="0" branch="False" />
            <line number="17" hits="0" branch="False" />
          </lines>
        </class>
        <class name="OctoCat.Api.Models.Order" filename="Models\Order.cs" line-rate="0.75" branch-rate="1" complexity="8">
          <methods>
            <method name="get_OrderId" signature="()" line-rate="1" branch-rate="1" complexity="1">
              <lines>
                <line number="7" hits="20" branch="False" />
              </lines>
            </method>
            <method name="get_BranchId" signature="()" line-rate="1" branch-rate="1" complexity="1">
              <lines>
                <line number="8" hits="20" branch="False" />
              </lines>
            </method>
            <method name="get_OrderDate" signature="()" line-rate="1" branch-rate="1" complexity="1">
              <lines>
                <line number="9" hits="20" branch="False" />
              </lines>
            </method>
            <method name="get_Name" signature="()" line-rate="1" branch-rate="1" complexity="1">
              <lines>
                <line number="10" hits="40" branch="False" />
              </lines>
            </method>
            <method name="get_Description" signature="()" line-rate="1" branch-rate="1" complexity="1">
              <lines>
                <line number="11" hits="40" branch="False" />
              </lines>
            </method>
            <method name="get_Status" signature="()" line-rate="1" branch-rate="1" complexity="1">
              <lines>
                <line number="12" hits="40" branch="False" />
              </lines>
            </method>
            <method name="get_Id" signature="()" line-rate="0" branch-rate="1" complexity="1">
              <lines>
                <line number="17" hits="0" branch="False" />
              </lines>
            </method>
            <method name="set_Id" signature="(System.Int32)" line-rate="0" branch-rate="1" complexity="1">
              <lines>
                <line number="18" hits="0" branch="False" />
              </lines>
            </method>
          </methods>
          <lines>
            <line number="7" hits="20" branch="False" />
            <line number="8" hits="20" branch="False" />
            <line number="9" hits="20" branch="False" />
            <line number="10" hits="40" branch="False" />
            <line number="11" hits="40" branch="False" />
            <line number="12" hits="40" branch="False" />
            <line number="17" hits="0" branch="False" />
            <line number="18" hits="0" branch="False" />
          </lines>
        </class>
        <class name="OctoCat.Api.Models.OrderDetail" filename="Models\OrderDetail.cs" line-rate="0.75" branch-rate="1" complexity="8">
          <methods>
            <method name="get_OrderDetailId" signature="()" line-rate="1" branch-rate="1" complexity="1">
              <lines>
                <line number="5" hits="30" branch="False" />
              </lines>
            </method>
            <method name="get_OrderId" signature="()" line-rate="1" branch-rate="1" complexity="1">
              <lines>
                <line number="6" hits="30" branch="False" />
              </lines>
            </method>
            <method name="get_ProductId" signature="()" line-rate="1" branch-rate="1" complexity="1">
              <lines>
                <line number="7" hits="30" branch="False" />
              </lines>
            </method>
            <method name="get_Quantity" signature="()" line-rate="1" branch-rate="1" complexity="1">
              <lines>
                <line number="8" hits="30" branch="False" />
              </lines>
            </method>
            <method name="get_UnitPrice" signature="()" line-rate="1" branch-rate="1" complexity="1">
              <lines>
                <line number="9" hits="30" branch="False" />
              </lines>
            </method>
            <method name="get_Notes" signature="()" line-rate="1" branch-rate="1" complexity="1">
              <lines>
                <line number="10" hits="60" branch="False" />
              </lines>
            </method>
            <method name="get_Id" signature="()" line-rate="0" branch-rate="1" complexity="1">
              <lines>
                <line number="15" hits="0" branch="False" />
              </lines>
            </method>
            <method name="set_Id" signature="(System.Int32)" line-rate="0" branch-rate="1" complexity="1">
              <lines>
                <line number="16" hits="0" branch="False" />
              </lines>
            </method>
          </methods>
          <lines>
            <line number="5" hits="30" branch="False" />
            <line number="6" hits="30" branch="False" />
            <line number="7" hits="30" branch="False" />
            <line number="8" hits="30" branch="False" />
            <line number="9" hits="30" branch="False" />
            <line number="10" hits="60" branch="False" />
            <line number="15" hits="0" branch="False" />
            <line number="16" hits="0" branch="False" />
          </lines>
        </class>
        <class name="OctoCat.Api.Models.OrderDetailDelivery" filename="Models\OrderDetailDelivery.cs" line-rate="0.7142000000000001" branch-rate="1" complexity="7">
          <methods>
            <method name="get_OrderDetailDeliveryId" signature="()" line-rate="1" branch-rate="1" complexity="1">
              <lines>
                <line number="5" hits="30" branch="False" />
              </lines>
            </method>
            <method name="get_OrderDetailId" signature="()" line-rate="1" branch-rate="1" complexity="1">
              <lines>
                <line number="6" hits="30" branch="False" />
              </lines>
            </method>
            <method name="get_DeliveryId" signature="()" line-rate="1" branch-rate="1" complexity="1">
              <lines>
                <line number="7" hits="30" branch="False" />
              </lines>
            </method>
            <method name="get_Quantity" signature="()" line-rate="1" branch-rate="1" complexity="1">
              <lines>
                <line number="8" hits="30" branch="False" />
              </lines>
            </method>
            <method name="get_Notes" signature="()" line-rate="1" branch-rate="1" complexity="1">
              <lines>
                <line number="9" hits="60" branch="False" />
              </lines>
            </method>
            <method name="get_Id" signature="()" line-rate="0" branch-rate="1" complexity="1">
              <lines>
                <line number="14" hits="0" branch="False" />
              </lines>
            </method>
            <method name="set_Id" signature="(System.Int32)" line-rate="0" branch-rate="1" complexity="1">
              <lines>
                <line number="15" hits="0" branch="False" />
              </lines>
            </method>
          </methods>
          <lines>
            <line number="5" hits="30" branch="False" />
            <line number="6" hits="30" branch="False" />
            <line number="7" hits="30" branch="False" />
            <line number="8" hits="30" branch="False" />
            <line number="9" hits="60" branch="False" />
            <line number="14" hits="0" branch="False" />
            <line number="15" hits="0" branch="False" />
          </lines>
        </class>
        <class name="OctoCat.Api.Models.Product" filename="Models\Product.cs" line-rate="0.8181" branch-rate="1" complexity="11">
          <methods>
            <method name="get_ProductId" signature="()" line-rate="1" branch-rate="1" complexity="1">
              <lines>
                <line number="5" hits="120" branch="False" />
              </lines>
            </method>
            <method name="get_SupplierId" signature="()" line-rate="1" branch-rate="1" complexity="1">
              <lines>
                <line number="6" hits="120" branch="False" />
              </lines>
            </method>
            <method name="get_Name" signature="()" line-rate="1" branch-rate="1" complexity="1">
              <lines>
                <line number="7" hits="240" branch="False" />
              </lines>
            </method>
            <method name="get_Description" signature="()" line-rate="1" branch-rate="1" complexity="1">
              <lines>
                <line number="8" hits="240" branch="False" />
              </lines>
            </method>
            <method name="get_Price" signature="()" line-rate="1" branch-rate="1" complexity="1">
              <lines>
                <line number="9" hits="120" branch="False" />
              </lines>
            </method>
            <method name="get_Sku" signature="()" line-rate="1" branch-rate="1" complexity="1">
              <lines>
                <line number="10" hits="240" branch="False" />
              </lines>
            </method>
            <method name="get_Unit" signature="()" line-rate="1" branch-rate="1" complexity="1">
              <lines>
                <line number="11" hits="240" branch="False" />
              </lines>
            </method>
            <method name="get_ImgName" signature="()" line-rate="1" branch-rate="1" complexity="1">
              <lines>
                <line number="12" hits="240" branch="False" />
              </lines>
            </method>
            <method name="get_Discount" signature="()" line-rate="1" branch-rate="1" complexity="1">
              <lines>
                <line number="13" hits="40" branch="False" />
              </lines>
            </method>
            <method name="get_Id" signature="()" line-rate="0" branch-rate="1" complexity="1">
              <lines>
                <line number="18" hits="0" branch="False" />
              </lines>
            </method>
            <method name="set_Id" signature="(System.Int32)" line-rate="0" branch-rate="1" complexity="1">
              <lines>
                <line number="19" hits="0" branch="False" />
              </lines>
            </method>
          </methods>
          <lines>
            <line number="5" hits="120" branch="False" />
            <line number="6" hits="120" branch="False" />
            <line number="7" hits="240" branch="False" />
            <line number="8" hits="240" branch="False" />
            <line number="9" hits="120" branch="False" />
            <line number="10" hits="240" branch="False" />
            <line number="11" hits="240" branch="False" />
            <line number="12" hits="240" branch="False" />
            <line number="13" hits="40" branch="False" />
            <line number="18" hits="0" branch="False" />
            <line number="19" hits="0" branch="False" />
          </lines>
        </class>
        <class name="OctoCat.Api.Models.Supplier" filename="Models\Supplier.cs" line-rate="0.75" branch-rate="1" complexity="8">
          <methods>
            <method name="get_SupplierId" signature="()" line-rate="1" branch-rate="1" complexity="1">
              <lines>
                <line number="5" hits="30" branch="False" />
              </lines>
            </method>
            <method name="get_Name" signature="()" line-rate="1" branch-rate="1" complexity="1">
              <lines>
                <line number="6" hits="60" branch="False" />
              </lines>
            </method>
            <method name="get_Description" signature="()" line-rate="1" branch-rate="1" complexity="1">
              <lines>
                <line number="7" hits="60" branch="False" />
              </lines>
            </method>
            <method name="get_ContactPerson" signature="()" line-rate="1" branch-rate="1" complexity="1">
              <lines>
                <line number="8" hits="60" branch="False" />
              </lines>
            </method>
            <method name="get_Email" signature="()" line-rate="1" branch-rate="1" complexity="1">
              <lines>
                <line number="9" hits="60" branch="False" />
              </lines>
            </method>
            <method name="get_Phone" signature="()" line-rate="1" branch-rate="1" complexity="1">
              <lines>
                <line number="10" hits="60" branch="False" />
              </lines>
            </method>
            <method name="get_Id" signature="()" line-rate="0" branch-rate="1" complexity="1">
              <lines>
                <line number="15" hits="0" branch="False" />
              </lines>
            </method>
            <method name="set_Id" signature="(System.Int32)" line-rate="0" branch-rate="1" complexity="1">
              <lines>
                <line number="16" hits="0" branch="False" />
              </lines>
            </method>
          </methods>
          <lines>
            <line number="5" hits="30" branch="False" />
            <line number="6" hits="60" branch="False" />
            <line number="7" hits="60" branch="False" />
            <line number="8" hits="60" branch="False" />
            <line number="9" hits="60" branch="False" />
            <line number="10" hits="60" branch="False" />
            <line number="15" hits="0" branch="False" />
            <line number="16" hits="0" branch="False" />
          </lines>
        </class>
        <class name="OctoCat.Api.Data.DataRepository" filename="Data\DataRepository.cs" line-rate="1" branch-rate="1" complexity="18">
          <methods>
            <method name="get_Products" signature="()" line-rate="1" branch-rate="1" complexity="1">
              <lines>
                <line number="11" hits="40" branch="False" />
              </lines>
            </method>
            <method name="get_Suppliers" signature="()" line-rate="1" branch-rate="1" complexity="1">
              <lines>
                <line number="12" hits="40" branch="False" />
              </lines>
            </method>
            <method name="get_Headquarters" signature="()" line-rate="1" branch-rate="1" complexity="1">
              <lines>
                <line number="13" hits="40" branch="False" />
              </lines>
            </method>
            <method name="get_Branches" signature="()" line-rate="1" branch-rate="1" complexity="1">
              <lines>
                <line number="14" hits="60" branch="False" />
              </lines>
            </method>
            <method name="get_Orders" signature="()" line-rate="1" branch-rate="1" complexity="1">
              <lines>
                <line number="15" hits="40" branch="False" />
              </lines>
            </method>
            <method name="get_OrderDetails" signature="()" line-rate="1" branch-rate="1" complexity="1">
              <lines>
                <line number="16" hits="40" branch="False" />
              </lines>
            </method>
            <method name="get_Deliveries" signature="()" line-rate="1" branch-rate="1" complexity="1">
              <lines>
                <line number="17" hits="40" branch="False" />
              </lines>
            </method>
            <method name="get_OrderDetailDeliveries" signature="()" line-rate="1" branch-rate="1" complexity="1">
              <lines>
                <line number="18" hits="40" branch="False" />
              </lines>
            </method>
            <method name="get_ProductRepository" signature="()" line-rate="1" branch-rate="1" complexity="1">
              <lines>
                <line number="21" hits="20" branch="False" />
              </lines>
            </method>
            <method name="get_SupplierRepository" signature="()" line-rate="1" branch-rate="1" complexity="1">
              <lines>
                <line number="22" hits="20" branch="False" />
              </lines>
            </method>
            <method name="get_HeadquartersRepository" signature="()" line-rate="1" branch-rate="1" complexity="1">
              <lines>
                <line number="23" hits="20" branch="False" />
              </lines>
            </method>
            <method name="get_BranchRepository" signature="()" line-rate="1" branch-rate="1" complexity="1">
              <lines>
                <line number="24" hits="20" branch="False" />
              </lines>
            </method>
            <method name="get_OrderRepository" signature="()" line-rate="1" branch-rate="1" complexity="1">
              <lines>
                <line number="25" hits="20" branch="False" />
              </lines>
            </method>
            <method name="get_OrderDetailRepository" signature="()" line-rate="1" branch-rate="1" complexity="1">
              <lines>
                <line number="26" hits="20" branch="False" />
              </lines>
            </method>
            <method name="get_DeliveryRepository" signature="()" line-rate="1" branch-rate="1" complexity="1">
              <lines>
                <line number="27" hits="20" branch="False" />
              </lines>
            </method>
            <method name="get_OrderDetailDeliveryRepository" signature="()" line-rate="1" branch-rate="1" complexity="1">
              <lines>
                <line number="28" hits="20" branch="False" />
              </lines>
            </method>
            <method name="SeedData" signature="()" line-rate="1" branch-rate="1" complexity="1">
              <lines>
                <line number="47" hits="10" branch="False" />
                <line number="49" hits="10" branch="False" />
                <line number="50" hits="10" branch="False" />
                <line number="51" hits="10" branch="False" />
                <line number="52" hits="10" branch="False" />
                <line number="53" hits="10" branch="False" />
                <line number="54" hits="10" branch="False" />
                <line number="55" hits="10" branch="False" />
                <line number="56" hits="10" branch="False" />
                <line number="59" hits="10" branch="False" />
                <line number="60" hits="10" branch="False" />
                <line number="61" hits="10" branch="False" />
                <line number="62" hits="10" branch="False" />
                <line number="63" hits="10" branch="False" />
                <line number="64" hits="10" branch="False" />
                <line number="65" hits="10" branch="False" />
                <line number="66" hits="10" branch="False" />
                <line number="67" hits="10" branch="False" />
                <line number="68" hits="10" branch="False" />
                <line number="69" hits="10" branch="False" />
                <line number="70" hits="10" branch="False" />
                <line number="71" hits="10" branch="False" />
                <line number="72" hits="10" branch="False" />
                <line number="73" hits="10" branch="False" />
                <line number="74" hits="10" branch="False" />
                <line number="75" hits="10" branch="False" />
                <line number="76" hits="10" branch="False" />
                <line number="77" hits="10" branch="False" />
                <line number="78" hits="10" branch="False" />
                <line number="79" hits="10" branch="False" />
                <line number="80" hits="10" branch="False" />
                <line number="81" hits="10" branch="False" />
                <line number="82" hits="10" branch="False" />
                <line number="83" hits="10" branch="False" />
                <line number="84" hits="10" branch="False" />
                <line number="85" hits="10" branch="False" />
                <line number="86" hits="10" branch="False" />
                <line number="87" hits="10" branch="False" />
                <line number="88" hits="10" branch="False" />
                <line number="91" hits="10" branch="False" />
                <line number="92" hits="10" branch="False" />
                <line number="93" hits="10" branch="False" />
                <line number="94" hits="10" branch="False" />
                <line number="95" hits="10" branch="False" />
                <line number="96" hits="10" branch="False" />
                <line number="97" hits="10" branch="False" />
                <line number="98" hits="10" branch="False" />
                <line number="99" hits="10" branch="False" />
                <line number="100" hits="10" branch="False" />
                <line number="101" hits="10" branch="False" />
                <line number="102" hits="10" branch="False" />
                <line number="103" hits="10" branch="False" />
                <line number="104" hits="10" branch="False" />
                <line number="105" hits="10" branch="False" />
                <line number="106" hits="10" branch="False" />
                <line number="107" hits="10" branch="False" />
                <line number="108" hits="10" branch="False" />
                <line number="109" hits="10" branch="False" />
                <line number="110" hits="10" branch="False" />
                <line number="111" hits="10" branch="False" />
                <line number="112" hits="10" branch="False" />
                <line number="113" hits="10" branch="False" />
                <line number="114" hits="10" branch="False" />
                <line number="115" hits="10" branch="False" />
                <line number="116" hits="10" branch="False" />
                <line number="117" hits="10" branch="False" />
                <line number="118" hits="10" branch="False" />
                <line number="119" hits="10" branch="False" />
                <line number="120" hits="10" branch="False" />
                <line number="121" hits="10" branch="False" />
                <line number="122" hits="10" branch="False" />
                <line number="123" hits="10" branch="False" />
                <line number="124" hits="10" branch="False" />
                <line number="125" hits="10" branch="False" />
                <line number="126" hits="10" branch="False" />
                <line number="127" hits="10" branch="False" />
                <line number="128" hits="10" branch="False" />
                <line number="129" hits="10" branch="False" />
                <line number="130" hits="10" branch="False" />
                <line number="131" hits="10" branch="False" />
                <line number="132" hits="10" branch="False" />
                <line number="133" hits="10" branch="False" />
                <line number="134" hits="10" branch="False" />
                <line number="135" hits="10" branch="False" />
                <line number="136" hits="10" branch="False" />
                <line number="137" hits="10" branch="False" />
                <line number="138" hits="10" branch="False" />
                <line number="139" hits="10" branch="False" />
                <line number="140" hits="10" branch="False" />
                <line number="141" hits="10" branch="False" />
                <line number="142" hits="10" branch="False" />
                <line number="143" hits="10" branch="False" />
                <line number="144" hits="10" branch="False" />
                <line number="145" hits="10" branch="False" />
                <line number="146" hits="10" branch="False" />
                <line number="147" hits="10" branch="False" />
                <line number="148" hits="10" branch="False" />
                <line number="149" hits="10" branch="False" />
                <line number="150" hits="10" branch="False" />
                <line number="151" hits="10" branch="False" />
                <line number="152" hits="10" branch="False" />
                <line number="153" hits="10" branch="False" />
                <line number="154" hits="10" branch="False" />
                <line number="155" hits="10" branch="False" />
                <line number="156" hits="10" branch="False" />
                <line number="157" hits="10" branch="False" />
                <line number="158" hits="10" branch="False" />
                <line number="159" hits="10" branch="False" />
                <line number="160" hits="10" branch="False" />
                <line number="161" hits="10" branch="False" />
                <line number="162" hits="10" branch="False" />
                <line number="163" hits="10" branch="False" />
                <line number="164" hits="10" branch="False" />
                <line number="165" hits="10" branch="False" />
                <line number="166" hits="10" branch="False" />
                <line number="167" hits="10" branch="False" />
                <line number="168" hits="10" branch="False" />
                <line number="169" hits="10" branch="False" />
                <line number="170" hits="10" branch="False" />
                <line number="171" hits="10" branch="False" />
                <line number="172" hits="10" branch="False" />
                <line number="173" hits="10" branch="False" />
                <line number="174" hits="10" branch="False" />
                <line number="175" hits="10" branch="False" />
                <line number="176" hits="10" branch="False" />
                <line number="177" hits="10" branch="False" />
                <line number="178" hits="10" branch="False" />
                <line number="179" hits="10" branch="False" />
                <line number="180" hits="10" branch="False" />
                <line number="181" hits="10" branch="False" />
                <line number="182" hits="10" branch="False" />
                <line number="183" hits="10" branch="False" />
                <line number="184" hits="10" branch="False" />
                <line number="185" hits="10" branch="False" />
                <line number="186" hits="10" branch="False" />
                <line number="187" hits="10" branch="False" />
                <line number="188" hits="10" branch="False" />
                <line number="189" hits="10" branch="False" />
                <line number="190" hits="10" branch="False" />
                <line number="191" hits="10" branch="False" />
                <line number="192" hits="10" branch="False" />
                <line number="193" hits="10" branch="False" />
                <line number="194" hits="10" branch="False" />
                <line number="195" hits="10" branch="False" />
                <line number="196" hits="10" branch="False" />
                <line number="197" hits="10" branch="False" />
                <line number="198" hits="10" branch="False" />
                <line number="199" hits="10" branch="False" />
                <line number="200" hits="10" branch="False" />
                <line number="201" hits="10" branch="False" />
                <line number="202" hits="10" branch="False" />
                <line number="203" hits="10" branch="False" />
                <line number="204" hits="10" branch="False" />
                <line number="205" hits="10" branch="False" />
                <line number="206" hits="10" branch="False" />
                <line number="207" hits="10" branch="False" />
                <line number="208" hits="10" branch="False" />
                <line number="209" hits="10" branch="False" />
                <line number="210" hits="10" branch="False" />
                <line number="211" hits="10" branch="False" />
                <line number="212" hits="10" branch="False" />
                <line number="213" hits="10" branch="False" />
                <line number="214" hits="10" branch="False" />
                <line number="215" hits="10" branch="False" />
                <line number="216" hits="10" branch="False" />
                <line number="217" hits="10" branch="False" />
                <line number="218" hits="10" branch="False" />
                <line number="219" hits="10" branch="False" />
                <line number="220" hits="10" branch="False" />
                <line number="221" hits="10" branch="False" />
                <line number="222" hits="10" branch="False" />
                <line number="223" hits="10" branch="False" />
                <line number="224" hits="10" branch="False" />
                <line number="225" hits="10" branch="False" />
                <line number="226" hits="10" branch="False" />
                <line number="227" hits="10" branch="False" />
                <line number="228" hits="10" branch="False" />
                <line number="229" hits="10" branch="False" />
                <line number="232" hits="10" branch="False" />
                <line number="233" hits="10" branch="False" />
                <line number="234" hits="10" branch="False" />
                <line number="235" hits="10" branch="False" />
                <line number="236" hits="10" branch="False" />
                <line number="237" hits="10" branch="False" />
                <line number="238" hits="10" branch="False" />
                <line number="239" hits="10" branch="False" />
                <line number="240" hits="10" branch="False" />
                <line number="241" hits="10" branch="False" />
                <line number="242" hits="10" branch="False" />
                <line number="243" hits="10" branch="False" />
                <line number="244" hits="10" branch="False" />
                <line number="247" hits="10" branch="False" />
                <line number="248" hits="10" branch="False" />
                <line number="249" hits="10" branch="False" />
                <line number="250" hits="10" branch="False" />
                <line number="251" hits="10" branch="False" />
                <line number="252" hits="10" branch="False" />
                <line number="253" hits="10" branch="False" />
                <line number="254" hits="10" branch="False" />
                <line number="255" hits="10" branch="False" />
                <line number="256" hits="10" branch="False" />
                <line number="257" hits="10" branch="False" />
                <line number="258" hits="10" branch="False" />
                <line number="259" hits="10" branch="False" />
                <line number="260" hits="10" branch="False" />
                <line number="261" hits="10" branch="False" />
                <line number="262" hits="10" branch="False" />
                <line number="263" hits="10" branch="False" />
                <line number="264" hits="10" branch="False" />
                <line number="265" hits="10" branch="False" />
                <line number="266" hits="10" branch="False" />
                <line number="267" hits="10" branch="False" />
                <line number="268" hits="10" branch="False" />
                <line number="269" hits="10" branch="False" />
                <line number="270" hits="10" branch="False" />
                <line number="271" hits="10" branch="False" />
                <line number="274" hits="10" branch="False" />
                <line number="275" hits="10" branch="False" />
                <line number="276" hits="10" branch="False" />
                <line number="277" hits="10" branch="False" />
                <line number="278" hits="10" branch="False" />
                <line number="279" hits="10" branch="False" />
                <line number="280" hits="10" branch="False" />
                <line number="281" hits="10" branch="False" />
                <line number="282" hits="10" branch="False" />
                <line number="283" hits="10" branch="False" />
                <line number="284" hits="10" branch="False" />
                <line number="285" hits="10" branch="False" />
                <line number="286" hits="10" branch="False" />
                <line number="287" hits="10" branch="False" />
                <line number="288" hits="10" branch="False" />
                <line number="289" hits="10" branch="False" />
                <line number="290" hits="10" branch="False" />
                <line number="291" hits="10" branch="False" />
                <line number="292" hits="10" branch="False" />
                <line number="293" hits="10" branch="False" />
                <line number="294" hits="10" branch="False" />
                <line number="297" hits="10" branch="False" />
                <line number="298" hits="10" branch="False" />
                <line number="299" hits="10" branch="False" />
                <line number="300" hits="10" branch="False" />
                <line number="301" hits="10" branch="False" />
                <line number="302" hits="10" branch="False" />
                <line number="303" hits="10" branch="False" />
                <line number="304" hits="10" branch="False" />
                <line number="305" hits="10" branch="False" />
                <line number="306" hits="10" branch="False" />
                <line number="307" hits="10" branch="False" />
                <line number="308" hits="10" branch="False" />
                <line number="309" hits="10" branch="False" />
                <line number="310" hits="10" branch="False" />
                <line number="311" hits="10" branch="False" />
                <line number="312" hits="10" branch="False" />
                <line number="313" hits="10" branch="False" />
                <line number="314" hits="10" branch="False" />
                <line number="315" hits="10" branch="False" />
                <line number="316" hits="10" branch="False" />
                <line number="317" hits="10" branch="False" />
                <line number="318" hits="10" branch="False" />
                <line number="319" hits="10" branch="False" />
                <line number="320" hits="10" branch="False" />
                <line number="321" hits="10" branch="False" />
                <line number="322" hits="10" branch="False" />
                <line number="323" hits="10" branch="False" />
                <line number="324" hits="10" branch="False" />
                <line number="325" hits="10" branch="False" />
                <line number="326" hits="10" branch="False" />
                <line number="329" hits="10" branch="False" />
                <line number="330" hits="10" branch="False" />
                <line number="331" hits="10" branch="False" />
                <line number="332" hits="10" branch="False" />
                <line number="333" hits="10" branch="False" />
                <line number="334" hits="10" branch="False" />
                <line number="335" hits="10" branch="False" />
                <line number="336" hits="10" branch="False" />
                <line number="337" hits="10" branch="False" />
                <line number="338" hits="10" branch="False" />
                <line number="339" hits="10" branch="False" />
                <line number="340" hits="10" branch="False" />
                <line number="341" hits="10" branch="False" />
                <line number="342" hits="10" branch="False" />
                <line number="343" hits="10" branch="False" />
                <line number="344" hits="10" branch="False" />
                <line number="345" hits="10" branch="False" />
                <line number="346" hits="10" branch="False" />
                <line number="347" hits="10" branch="False" />
                <line number="348" hits="10" branch="False" />
                <line number="349" hits="10" branch="False" />
                <line number="352" hits="10" branch="False" />
                <line number="353" hits="10" branch="False" />
                <line number="354" hits="10" branch="False" />
                <line number="355" hits="10" branch="False" />
                <line number="356" hits="10" branch="False" />
                <line number="357" hits="10" branch="False" />
                <line number="358" hits="10" branch="False" />
                <line number="359" hits="10" branch="False" />
                <line number="360" hits="10" branch="False" />
                <line number="361" hits="10" branch="False" />
                <line number="362" hits="10" branch="False" />
                <line number="363" hits="10" branch="False" />
                <line number="364" hits="10" branch="False" />
                <line number="365" hits="10" branch="False" />
                <line number="366" hits="10" branch="False" />
                <line number="367" hits="10" branch="False" />
                <line number="368" hits="10" branch="False" />
                <line number="369" hits="10" branch="False" />
                <line number="370" hits="10" branch="False" />
                <line number="371" hits="10" branch="False" />
                <line number="372" hits="10" branch="False" />
                <line number="373" hits="10" branch="False" />
                <line number="374" hits="10" branch="False" />
                <line number="375" hits="10" branch="False" />
                <line number="376" hits="10" branch="False" />
                <line number="377" hits="10" branch="False" />
                <line number="378" hits="10" branch="False" />
                <line number="379" hits="10" branch="False" />
              </lines>
            </method>
            <method name=".ctor" signature="()" line-rate="1" branch-rate="1" complexity="1">
              <lines>
                <line number="30" hits="10" branch="False" />
                <line number="31" hits="10" branch="False" />
                <line number="33" hits="10" branch="False" />
                <line number="36" hits="10" branch="False" />
                <line number="37" hits="10" branch="False" />
                <line number="38" hits="10" branch="False" />
                <line number="39" hits="10" branch="False" />
                <line number="40" hits="10" branch="False" />
                <line number="41" hits="10" branch="False" />
                <line number="42" hits="10" branch="False" />
                <line number="43" hits="10" branch="False" />
                <line number="44" hits="10" branch="False" />
              </lines>
            </method>
          </methods>
          <lines>
            <line number="11" hits="40" branch="False" />
            <line number="12" hits="40" branch="False" />
            <line number="13" hits="40" branch="False" />
            <line number="14" hits="60" branch="False" />
            <line number="15" hits="40" branch="False" />
            <line number="16" hits="40" branch="False" />
            <line number="17" hits="40" branch="False" />
            <line number="18" hits="40" branch="False" />
            <line number="21" hits="20" branch="False" />
            <line number="22" hits="20" branch="False" />
            <line number="23" hits="20" branch="False" />
            <line number="24" hits="20" branch="False" />
            <line number="25" hits="20" branch="False" />
            <line number="26" hits="20" branch="False" />
            <line number="27" hits="20" branch="False" />
            <line number="28" hits="20" branch="False" />
            <line number="47" hits="10" branch="False" />
            <line number="49" hits="10" branch="False" />
            <line number="50" hits="10" branch="False" />
            <line number="51" hits="10" branch="False" />
            <line number="52" hits="10" branch="False" />
            <line number="53" hits="10" branch="False" />
            <line number="54" hits="10" branch="False" />
            <line number="55" hits="10" branch="False" />
            <line number="56" hits="10" branch="False" />
            <line number="59" hits="10" branch="False" />
            <line number="60" hits="10" branch="False" />
            <line number="61" hits="10" branch="False" />
            <line number="62" hits="10" branch="False" />
            <line number="63" hits="10" branch="False" />
            <line number="64" hits="10" branch="False" />
            <line number="65" hits="10" branch="False" />
            <line number="66" hits="10" branch="False" />
            <line number="67" hits="10" branch="False" />
            <line number="68" hits="10" branch="False" />
            <line number="69" hits="10" branch="False" />
            <line number="70" hits="10" branch="False" />
            <line number="71" hits="10" branch="False" />
            <line number="72" hits="10" branch="False" />
            <line number="73" hits="10" branch="False" />
            <line number="74" hits="10" branch="False" />
            <line number="75" hits="10" branch="False" />
            <line number="76" hits="10" branch="False" />
            <line number="77" hits="10" branch="False" />
            <line number="78" hits="10" branch="False" />
            <line number="79" hits="10" branch="False" />
            <line number="80" hits="10" branch="False" />
            <line number="81" hits="10" branch="False" />
            <line number="82" hits="10" branch="False" />
            <line number="83" hits="10" branch="False" />
            <line number="84" hits="10" branch="False" />
            <line number="85" hits="10" branch="False" />
            <line number="86" hits="10" branch="False" />
            <line number="87" hits="10" branch="False" />
            <line number="88" hits="10" branch="False" />
            <line number="91" hits="10" branch="False" />
            <line number="92" hits="10" branch="False" />
            <line number="93" hits="10" branch="False" />
            <line number="94" hits="10" branch="False" />
            <line number="95" hits="10" branch="False" />
            <line number="96" hits="10" branch="False" />
            <line number="97" hits="10" branch="False" />
            <line number="98" hits="10" branch="False" />
            <line number="99" hits="10" branch="False" />
            <line number="100" hits="10" branch="False" />
            <line number="101" hits="10" branch="False" />
            <line number="102" hits="10" branch="False" />
            <line number="103" hits="10" branch="False" />
            <line number="104" hits="10" branch="False" />
            <line number="105" hits="10" branch="False" />
            <line number="106" hits="10" branch="False" />
            <line number="107" hits="10" branch="False" />
            <line number="108" hits="10" branch="False" />
            <line number="109" hits="10" branch="False" />
            <line number="110" hits="10" branch="False" />
            <line number="111" hits="10" branch="False" />
            <line number="112" hits="10" branch="False" />
            <line number="113" hits="10" branch="False" />
            <line number="114" hits="10" branch="False" />
            <line number="115" hits="10" branch="False" />
            <line number="116" hits="10" branch="False" />
            <line number="117" hits="10" branch="False" />
            <line number="118" hits="10" branch="False" />
            <line number="119" hits="10" branch="False" />
            <line number="120" hits="10" branch="False" />
            <line number="121" hits="10" branch="False" />
            <line number="122" hits="10" branch="False" />
            <line number="123" hits="10" branch="False" />
            <line number="124" hits="10" branch="False" />
            <line number="125" hits="10" branch="False" />
            <line number="126" hits="10" branch="False" />
            <line number="127" hits="10" branch="False" />
            <line number="128" hits="10" branch="False" />
            <line number="129" hits="10" branch="False" />
            <line number="130" hits="10" branch="False" />
            <line number="131" hits="10" branch="False" />
            <line number="132" hits="10" branch="False" />
            <line number="133" hits="10" branch="False" />
            <line number="134" hits="10" branch="False" />
            <line number="135" hits="10" branch="False" />
            <line number="136" hits="10" branch="False" />
            <line number="137" hits="10" branch="False" />
            <line number="138" hits="10" branch="False" />
            <line number="139" hits="10" branch="False" />
            <line number="140" hits="10" branch="False" />
            <line number="141" hits="10" branch="False" />
            <line number="142" hits="10" branch="False" />
            <line number="143" hits="10" branch="False" />
            <line number="144" hits="10" branch="False" />
            <line number="145" hits="10" branch="False" />
            <line number="146" hits="10" branch="False" />
            <line number="147" hits="10" branch="False" />
            <line number="148" hits="10" branch="False" />
            <line number="149" hits="10" branch="False" />
            <line number="150" hits="10" branch="False" />
            <line number="151" hits="10" branch="False" />
            <line number="152" hits="10" branch="False" />
            <line number="153" hits="10" branch="False" />
            <line number="154" hits="10" branch="False" />
            <line number="155" hits="10" branch="False" />
            <line number="156" hits="10" branch="False" />
            <line number="157" hits="10" branch="False" />
            <line number="158" hits="10" branch="False" />
            <line number="159" hits="10" branch="False" />
            <line number="160" hits="10" branch="False" />
            <line number="161" hits="10" branch="False" />
            <line number="162" hits="10" branch="False" />
            <line number="163" hits="10" branch="False" />
            <line number="164" hits="10" branch="False" />
            <line number="165" hits="10" branch="False" />
            <line number="166" hits="10" branch="False" />
            <line number="167" hits="10" branch="False" />
            <line number="168" hits="10" branch="False" />
            <line number="169" hits="10" branch="False" />
            <line number="170" hits="10" branch="False" />
            <line number="171" hits="10" branch="False" />
            <line number="172" hits="10" branch="False" />
            <line number="173" hits="10" branch="False" />
            <line number="174" hits="10" branch="False" />
            <line number="175" hits="10" branch="False" />
            <line number="176" hits="10" branch="False" />
            <line number="177" hits="10" branch="False" />
            <line number="178" hits="10" branch="False" />
            <line number="179" hits="10" branch="False" />
            <line number="180" hits="10" branch="False" />
            <line number="181" hits="10" branch="False" />
            <line number="182" hits="10" branch="False" />
            <line number="183" hits="10" branch="False" />
            <line number="184" hits="10" branch="False" />
            <line number="185" hits="10" branch="False" />
            <line number="186" hits="10" branch="False" />
            <line number="187" hits="10" branch="False" />
            <line number="188" hits="10" branch="False" />
            <line number="189" hits="10" branch="False" />
            <line number="190" hits="10" branch="False" />
            <line number="191" hits="10" branch="False" />
            <line number="192" hits="10" branch="False" />
            <line number="193" hits="10" branch="False" />
            <line number="194" hits="10" branch="False" />
            <line number="195" hits="10" branch="False" />
            <line number="196" hits="10" branch="False" />
            <line number="197" hits="10" branch="False" />
            <line number="198" hits="10" branch="False" />
            <line number="199" hits="10" branch="False" />
            <line number="200" hits="10" branch="False" />
            <line number="201" hits="10" branch="False" />
            <line number="202" hits="10" branch="False" />
            <line number="203" hits="10" branch="False" />
            <line number="204" hits="10" branch="False" />
            <line number="205" hits="10" branch="False" />
            <line number="206" hits="10" branch="False" />
            <line number="207" hits="10" branch="False" />
            <line number="208" hits="10" branch="False" />
            <line number="209" hits="10" branch="False" />
            <line number="210" hits="10" branch="False" />
            <line number="211" hits="10" branch="False" />
            <line number="212" hits="10" branch="False" />
            <line number="213" hits="10" branch="False" />
            <line number="214" hits="10" branch="False" />
            <line number="215" hits="10" branch="False" />
            <line number="216" hits="10" branch="False" />
            <line number="217" hits="10" branch="False" />
            <line number="218" hits="10" branch="False" />
            <line number="219" hits="10" branch="False" />
            <line number="220" hits="10" branch="False" />
            <line number="221" hits="10" branch="False" />
            <line number="222" hits="10" branch="False" />
            <line number="223" hits="10" branch="False" />
            <line number="224" hits="10" branch="False" />
            <line number="225" hits="10" branch="False" />
            <line number="226" hits="10" branch="False" />
            <line number="227" hits="10" branch="False" />
            <line number="228" hits="10" branch="False" />
            <line number="229" hits="10" branch="False" />
            <line number="232" hits="10" branch="False" />
            <line number="233" hits="10" branch="False" />
            <line number="234" hits="10" branch="False" />
            <line number="235" hits="10" branch="False" />
            <line number="236" hits="10" branch="False" />
            <line number="237" hits="10" branch="False" />
            <line number="238" hits="10" branch="False" />
            <line number="239" hits="10" branch="False" />
            <line number="240" hits="10" branch="False" />
            <line number="241" hits="10" branch="False" />
            <line number="242" hits="10" branch="False" />
            <line number="243" hits="10" branch="False" />
            <line number="244" hits="10" branch="False" />
            <line number="247" hits="10" branch="False" />
            <line number="248" hits="10" branch="False" />
            <line number="249" hits="10" branch="False" />
            <line number="250" hits="10" branch="False" />
            <line number="251" hits="10" branch="False" />
            <line number="252" hits="10" branch="False" />
            <line number="253" hits="10" branch="False" />
            <line number="254" hits="10" branch="False" />
            <line number="255" hits="10" branch="False" />
            <line number="256" hits="10" branch="False" />
            <line number="257" hits="10" branch="False" />
            <line number="258" hits="10" branch="False" />
            <line number="259" hits="10" branch="False" />
            <line number="260" hits="10" branch="False" />
            <line number="261" hits="10" branch="False" />
            <line number="262" hits="10" branch="False" />
            <line number="263" hits="10" branch="False" />
            <line number="264" hits="10" branch="False" />
            <line number="265" hits="10" branch="False" />
            <line number="266" hits="10" branch="False" />
            <line number="267" hits="10" branch="False" />
            <line number="268" hits="10" branch="False" />
            <line number="269" hits="10" branch="False" />
            <line number="270" hits="10" branch="False" />
            <line number="271" hits="10" branch="False" />
            <line number="274" hits="10" branch="False" />
            <line number="275" hits="10" branch="False" />
            <line number="276" hits="10" branch="False" />
            <line number="277" hits="10" branch="False" />
            <line number="278" hits="10" branch="False" />
            <line number="279" hits="10" branch="False" />
            <line number="280" hits="10" branch="False" />
            <line number="281" hits="10" branch="False" />
            <line number="282" hits="10" branch="False" />
            <line number="283" hits="10" branch="False" />
            <line number="284" hits="10" branch="False" />
            <line number="285" hits="10" branch="False" />
            <line number="286" hits="10" branch="False" />
            <line number="287" hits="10" branch="False" />
            <line number="288" hits="10" branch="False" />
            <line number="289" hits="10" branch="False" />
            <line number="290" hits="10" branch="False" />
            <line number="291" hits="10" branch="False" />
            <line number="292" hits="10" branch="False" />
            <line number="293" hits="10" branch="False" />
            <line number="294" hits="10" branch="False" />
            <line number="297" hits="10" branch="False" />
            <line number="298" hits="10" branch="False" />
            <line number="299" hits="10" branch="False" />
            <line number="300" hits="10" branch="False" />
            <line number="301" hits="10" branch="False" />
            <line number="302" hits="10" branch="False" />
            <line number="303" hits="10" branch="False" />
            <line number="304" hits="10" branch="False" />
            <line number="305" hits="10" branch="False" />
            <line number="306" hits="10" branch="False" />
            <line number="307" hits="10" branch="False" />
            <line number="308" hits="10" branch="False" />
            <line number="309" hits="10" branch="False" />
            <line number="310" hits="10" branch="False" />
            <line number="311" hits="10" branch="False" />
            <line number="312" hits="10" branch="False" />
            <line number="313" hits="10" branch="False" />
            <line number="314" hits="10" branch="False" />
            <line number="315" hits="10" branch="False" />
            <line number="316" hits="10" branch="False" />
            <line number="317" hits="10" branch="False" />
            <line number="318" hits="10" branch="False" />
            <line number="319" hits="10" branch="False" />
            <line number="320" hits="10" branch="False" />
            <line number="321" hits="10" branch="False" />
            <line number="322" hits="10" branch="False" />
            <line number="323" hits="10" branch="False" />
            <line number="324" hits="10" branch="False" />
            <line number="325" hits="10" branch="False" />
            <line number="326" hits="10" branch="False" />
            <line number="329" hits="10" branch="False" />
            <line number="330" hits="10" branch="False" />
            <line number="331" hits="10" branch="False" />
            <line number="332" hits="10" branch="False" />
            <line number="333" hits="10" branch="False" />
            <line number="334" hits="10" branch="False" />
            <line number="335" hits="10" branch="False" />
            <line number="336" hits="10" branch="False" />
            <line number="337" hits="10" branch="False" />
            <line number="338" hits="10" branch="False" />
            <line number="339" hits="10" branch="False" />
            <line number="340" hits="10" branch="False" />
            <line number="341" hits="10" branch="False" />
            <line number="342" hits="10" branch="False" />
            <line number="343" hits="10" branch="False" />
            <line number="344" hits="10" branch="False" />
            <line number="345" hits="10" branch="False" />
            <line number="346" hits="10" branch="False" />
            <line number="347" hits="10" branch="False" />
            <line number="348" hits="10" branch="False" />
            <line number="349" hits="10" branch="False" />
            <line number="352" hits="10" branch="False" />
            <line number="353" hits="10" branch="False" />
            <line number="354" hits="10" branch="False" />
            <line number="355" hits="10" branch="False" />
            <line number="356" hits="10" branch="False" />
            <line number="357" hits="10" branch="False" />
            <line number="358" hits="10" branch="False" />
            <line number="359" hits="10" branch="False" />
            <line number="360" hits="10" branch="False" />
            <line number="361" hits="10" branch="False" />
            <line number="362" hits="10" branch="False" />
            <line number="363" hits="10" branch="False" />
            <line number="364" hits="10" branch="False" />
            <line number="365" hits="10" branch="False" />
            <line number="366" hits="10" branch="False" />
            <line number="367" hits="10" branch="False" />
            <line number="368" hits="10" branch="False" />
            <line number="369" hits="10" branch="False" />
            <line number="370" hits="10" branch="False" />
            <line number="371" hits="10" branch="False" />
            <line number="372" hits="10" branch="False" />
            <line number="373" hits="10" branch="False" />
            <line number="374" hits="10" branch="False" />
            <line number="375" hits="10" branch="False" />
            <line number="376" hits="10" branch="False" />
            <line number="377" hits="10" branch="False" />
            <line number="378" hits="10" branch="False" />
            <line number="379" hits="10" branch="False" />
            <line number="30" hits="10" branch="False" />
            <line number="31" hits="10" branch="False" />
            <line number="33" hits="10" branch="False" />
            <line number="36" hits="10" branch="False" />
            <line number="37" hits="10" branch="False" />
            <line number="38" hits="10" branch="False" />
            <line number="39" hits="10" branch="False" />
            <line number="40" hits="10" branch="False" />
            <line number="41" hits="10" branch="False" />
            <line number="42" hits="10" branch="False" />
            <line number="43" hits="10" branch="False" />
            <line number="44" hits="10" branch="False" />
          </lines>
        </class>
        <class name="OctoCat.Api.Data.GenericRepository`2" filename="Data\GenericRepository.cs" line-rate="1" branch-rate="1" complexity="9">
          <methods>
            <method name="GetAll" signature="()" line-rate="1" branch-rate="1" complexity="1">
              <lines>
                <line number="23" hits="2" branch="False" />
                <line number="24" hits="2" branch="False" />
                <line number="25" hits="2" branch="False" />
              </lines>
            </method>
            <method name="GetById" signature="(TKey)" line-rate="1" branch-rate="1" complexity="1">
              <lines>
                <line number="28" hits="18" branch="False" />
                <line number="29" hits="39" branch="False" />
                <line number="30" hits="18" branch="False" />
              </lines>
            </method>
            <method name="Add" signature="(T)" line-rate="1" branch-rate="1" complexity="1">
              <lines>
                <line number="33" hits="6" branch="False" />
                <line number="34" hits="6" branch="False" />
                <line number="35" hits="6" branch="False" />
                <line number="36" hits="6" branch="False" />
              </lines>
            </method>
            <method name="Update" signature="(T)" line-rate="1" branch-rate="1" complexity="2">
              <lines>
                <line number="39" hits="6" branch="False" />
                <line number="40" hits="6" branch="False" />
                <line number="41" hits="5" branch="True" condition-coverage="100% (2/2)">
                  <conditions>
                    <condition number="30" type="jump" coverage="100%" />
                  </conditions>
                </line>
                <line number="42" hits="2" branch="False" />
                <line number="45" hits="3" branch="False" />
                <line number="46" hits="3" branch="False" />
                <line number="47" hits="3" branch="False" />
                <line number="48" hits="5" branch="False" />
              </lines>
            </method>
            <method name="Delete" signature="(TKey)" line-rate="1" branch-rate="1" complexity="2">
              <lines>
                <line number="51" hits="5" branch="False" />
                <line number="52" hits="5" branch="False" />
                <line number="53" hits="5" branch="True" condition-coverage="100% (2/2)">
                  <conditions>
                    <condition number="20" type="jump" coverage="100%" />
                  </conditions>
                </line>
                <line number="54" hits="2" branch="False" />
                <line number="56" hits="3" branch="False" />
                <line number="57" hits="3" branch="False" />
                <line number="58" hits="5" branch="False" />
              </lines>
            </method>
            <method name=".ctor" signature="(System.Collections.Generic.ICollection`1&lt;T&gt;)" line-rate="1" branch-rate="1" complexity="2">
              <lines>
                <line number="16" hits="93" branch="False" />
                <line number="17" hits="93" branch="False" />
                <line number="18" hits="93" branch="False" />
                <line number="19" hits="114" branch="True" condition-coverage="100% (2/2)">
                  <conditions>
                    <condition number="22" type="jump" coverage="100%" />
                  </conditions>
                </line>
                <line number="20" hits="93" branch="False" />
              </lines>
            </method>
          </methods>
          <lines>
            <line number="23" hits="2" branch="False" />
            <line number="24" hits="2" branch="False" />
            <line number="25" hits="2" branch="False" />
            <line number="28" hits="18" branch="False" />
            <line number="29" hits="39" branch="False" />
            <line number="30" hits="18" branch="False" />
            <line number="33" hits="6" branch="False" />
            <line number="34" hits="6" branch="False" />
            <line number="35" hits="6" branch="False" />
            <line number="36" hits="6" branch="False" />
            <line number="39" hits="6" branch="False" />
            <line number="40" hits="6" branch="False" />
            <line number="41" hits="5" branch="True" condition-coverage="100% (2/2)">
              <conditions>
                <condition number="30" type="jump" coverage="100%" />
              </conditions>
            </line>
            <line number="42" hits="2" branch="False" />
            <line number="45" hits="3" branch="False" />
            <line number="46" hits="3" branch="False" />
            <line number="47" hits="3" branch="False" />
            <line number="48" hits="5" branch="False" />
            <line number="51" hits="5" branch="False" />
            <line number="52" hits="5" branch="False" />
            <line number="53" hits="5" branch="True" condition-coverage="100% (2/2)">
              <conditions>
                <condition number="20" type="jump" coverage="100%" />
              </conditions>
            </line>
            <line number="54" hits="2" branch="False" />
            <line number="56" hits="3" branch="False" />
            <line number="57" hits="3" branch="False" />
            <line number="58" hits="5" branch="False" />
            <line number="16" hits="93" branch="False" />
            <line number="17" hits="93" branch="False" />
            <line number="18" hits="93" branch="False" />
            <line number="19" hits="114" branch="True" condition-coverage="100% (2/2)">
              <conditions>
                <condition number="22" type="jump" coverage="100%" />
              </conditions>
            </line>
            <line number="20" hits="93" branch="False" />
          </lines>
        </class>
        <class name="OctoCat.Api.Controllers.GenericController`2" filename="Controllers\GenericController.cs" line-rate="1" branch-rate="1" complexity="8">
          <methods>
            <method name="RegisterEndpoints" signature="(Microsoft.AspNetCore.Builder.WebApplication,OctoCat.Api.Data.IGenericRepository`2&lt;T,TKey&gt;,System.String,System.String,System.String)" line-rate="1" branch-rate="1" complexity="8">
              <lines>
                <line number="29" hits="80" branch="False" />
                <line number="31" hits="80" branch="False" />
                <line number="32" hits="1" branch="False" />
                <line number="33" hits="80" branch="False" />
                <line number="34" hits="80" branch="False" />
                <line number="35" hits="80" branch="False" />
                <line number="38" hits="80" branch="False" />
                <line number="39" hits="3" branch="False" />
                <line number="40" hits="3" branch="False" />
                <line number="41" hits="3" branch="True" condition-coverage="100% (2/2)">
                  <conditions>
                    <condition number="20" type="jump" coverage="100%" />
                  </conditions>
                </line>
                <line number="42" hits="3" branch="False" />
                <line number="43" hits="80" branch="False" />
                <line number="44" hits="80" branch="False" />
                <line number="45" hits="80" branch="False" />
                <line number="48" hits="80" branch="False" />
                <line number="49" hits="2" branch="False" />
                <line number="50" hits="2" branch="False" />
                <line number="51" hits="2" branch="False" />
                <line number="52" hits="2" branch="False" />
                <line number="53" hits="80" branch="False" />
                <line number="54" hits="80" branch="False" />
                <line number="55" hits="80" branch="False" />
                <line number="58" hits="80" branch="False" />
                <line number="59" hits="3" branch="False" />
                <line number="60" hits="3" branch="True" condition-coverage="100% (2/2)">
                  <conditions>
                    <condition number="28" type="jump" coverage="100%" />
                  </conditions>
                </line>
                <line number="61" hits="1" branch="False" />
                <line number="62" hits="80" branch="False" />
                <line number="63" hits="2" branch="False" />
                <line number="64" hits="2" branch="True" condition-coverage="100% (2/2)">
                  <conditions>
                    <condition number="73" type="jump" coverage="100%" />
                  </conditions>
                </line>
                <line number="65" hits="3" branch="False" />
                <line number="66" hits="80" branch="False" />
                <line number="67" hits="80" branch="False" />
                <line number="68" hits="80" branch="False" />
                <line number="71" hits="80" branch="False" />
                <line number="72" hits="2" branch="False" />
                <line number="73" hits="2" branch="False" />
                <line number="74" hits="2" branch="True" condition-coverage="100% (2/2)">
                  <conditions>
                    <condition number="15" type="jump" coverage="100%" />
                  </conditions>
                </line>
                <line number="75" hits="2" branch="False" />
                <line number="76" hits="80" branch="False" />
                <line number="77" hits="80" branch="False" />
                <line number="78" hits="80" branch="False" />
                <line number="79" hits="80" branch="False" />
              </lines>
            </method>
          </methods>
          <lines>
            <line number="29" hits="80" branch="False" />
            <line number="31" hits="80" branch="False" />
            <line number="32" hits="1" branch="False" />
            <line number="33" hits="80" branch="False" />
            <line number="34" hits="80" branch="False" />
            <line number="35" hits="80" branch="False" />
            <line number="38" hits="80" branch="False" />
            <line number="39" hits="3" branch="False" />
            <line number="40" hits="3" branch="False" />
            <line number="41" hits="3" branch="True" condition-coverage="100% (2/2)">
              <conditions>
                <condition number="20" type="jump" coverage="100%" />
              </conditions>
            </line>
            <line number="42" hits="3" branch="False" />
            <line number="43" hits="80" branch="False" />
            <line number="44" hits="80" branch="False" />
            <line number="45" hits="80" branch="False" />
            <line number="48" hits="80" branch="False" />
            <line number="49" hits="2" branch="False" />
            <line number="50" hits="2" branch="False" />
            <line number="51" hits="2" branch="False" />
            <line number="52" hits="2" branch="False" />
            <line number="53" hits="80" branch="False" />
            <line number="54" hits="80" branch="False" />
            <line number="55" hits="80" branch="False" />
            <line number="58" hits="80" branch="False" />
            <line number="59" hits="3" branch="False" />
            <line number="60" hits="3" branch="True" condition-coverage="100% (2/2)">
              <conditions>
                <condition number="28" type="jump" coverage="100%" />
              </conditions>
            </line>
            <line number="61" hits="1" branch="False" />
            <line number="62" hits="80" branch="False" />
            <line number="63" hits="2" branch="False" />
            <line number="64" hits="2" branch="True" condition-coverage="100% (2/2)">
              <conditions>
                <condition number="73" type="jump" coverage="100%" />
              </conditions>
            </line>
            <line number="65" hits="3" branch="False" />
            <line number="66" hits="80" branch="False" />
            <line number="67" hits="80" branch="False" />
            <line number="68" hits="80" branch="False" />
            <line number="71" hits="80" branch="False" />
            <line number="72" hits="2" branch="False" />
            <line number="73" hits="2" branch="False" />
            <line number="74" hits="2" branch="True" condition-coverage="100% (2/2)">
              <conditions>
                <condition number="15" type="jump" coverage="100%" />
              </conditions>
            </line>
            <line number="75" hits="2" branch="False" />
            <line number="76" hits="80" branch="False" />
            <line number="77" hits="80" branch="False" />
            <line number="78" hits="80" branch="False" />
            <line number="79" hits="80" branch="False" />
          </lines>
        </class>
      </classes>
    </package>
  </packages>
</coverage>